<?xml version="1.0" encoding="UTF-8"?>
<testsuite name="com.example.Final_Project_9team.repository.ScheduleItemRepositoryTest" tests="3" skipped="0" failures="0" errors="0" timestamp="2023-09-12T14:22:24" hostname="DESKTOP-78V6LAM" time="0.1">
  <properties/>
  <testcase name="하나의 여행지 일정의 원하는 날짜에 추가" classname="com.example.Final_Project_9team.repository.ScheduleItemRepositoryTest" time="0.015"/>
  <testcase name="일별 계획 등록" classname="com.example.Final_Project_9team.repository.ScheduleItemRepositoryTest" time="0.081"/>
  <testcase name="scheduleItemRepositoryIsNotNull()" classname="com.example.Final_Project_9team.repository.ScheduleItemRepositoryTest" time="0.002"/>
  <system-out><![CDATA[2023-09-12T23:22:24.510+09:00  INFO 7088 --- [    Test worker] t.c.s.AnnotationConfigContextLoaderUtils : Could not detect default configuration classes for test class [com.example.Final_Project_9team.repository.ScheduleItemRepositoryTest]: ScheduleItemRepositoryTest does not declare any static, non-private, non-final, nested classes annotated with @Configuration.
2023-09-12T23:22:24.516+09:00  INFO 7088 --- [    Test worker] .b.t.c.SpringBootTestContextBootstrapper : Found @SpringBootConfiguration com.example.Final_Project_9team.FinalProject9teamApplication for test class com.example.Final_Project_9team.repository.ScheduleItemRepositoryTest
Hibernate: 
    select
        s1_0.id,
        c1_0.id,
        c1_0.room_name,
        s1_0.description,
        s1_0.display,
        s1_0.end_date,
        s1_0.is_deleted,
        s1_0.sido,
        s1_0.start_date,
        s1_0.sum_distance,
        s1_0.sum_duration,
        s1_0.title,
        s1_0.user_id 
    from
        schedule s1_0 
    left join
        chat_room c1_0 
            on s1_0.id=c1_0.schedule_id 
    where
        s1_0.id=?
Hibernate: 
    insert 
    into
        schedule
        (description,display,end_date,is_deleted,sido,start_date,sum_distance,sum_duration,title,user_id) 
    values
        (?,?,?,?,?,?,?,?,?,?)
Hibernate: 
    select
        s1_0.id,
        a1_0.id,
        a1_0.created_at,
        d1_0.id,
        d1_0.item_id,
        d1_0.schedule_id,
        d1_0.tour_date,
        d1_0.turn,
        a1_0.distance,
        a1_0.duration,
        a1_0.modified_at,
        a1_0.schedule_id,
        a1_0.tour_date,
        a1_0.turn,
        d2_0.id,
        a2_0.id,
        a2_0.item_id,
        a2_0.schedule_id,
        a2_0.tour_date,
        a2_0.turn,
        d2_0.created_at,
        d2_0.distance,
        d2_0.duration,
        d2_0.modified_at,
        d2_0.schedule_id,
        d2_0.tour_date,
        d2_0.turn,
        s1_0.item_id,
        s1_0.schedule_id,
        s1_0.tour_date,
        s1_0.turn 
    from
        schedule_item s1_0 
    left join
        item_path a1_0 
            on s1_0.id=a1_0.arrival_schedule_item_id 
    left join
        schedule_item d1_0 
            on d1_0.id=a1_0.departure_schedule_item_id 
    left join
        item_path d2_0 
            on s1_0.id=d2_0.departure_schedule_item_id 
    left join
        schedule_item a2_0 
            on a2_0.id=d2_0.arrival_schedule_item_id 
    where
        s1_0.id=?
Hibernate: 
    insert 
    into
        schedule_item
        (item_id,schedule_id,tour_date,turn) 
    values
        (?,?,?,?)
Hibernate: 
    select
        s1_0.id,
        c1_0.id,
        c1_0.room_name,
        s1_0.description,
        s1_0.display,
        s1_0.end_date,
        s1_0.is_deleted,
        s1_0.sido,
        s1_0.start_date,
        s1_0.sum_distance,
        s1_0.sum_duration,
        s1_0.title,
        s1_0.user_id 
    from
        schedule s1_0 
    left join
        chat_room c1_0 
            on s1_0.id=c1_0.schedule_id 
    where
        s1_0.id=?
Hibernate: 
    insert 
    into
        schedule
        (description,display,end_date,is_deleted,sido,start_date,sum_distance,sum_duration,title,user_id) 
    values
        (?,?,?,?,?,?,?,?,?,?)
Hibernate: 
    select
        s1_0.id,
        a1_0.id,
        a1_0.created_at,
        d1_0.id,
        d1_0.item_id,
        d1_0.schedule_id,
        d1_0.tour_date,
        d1_0.turn,
        a1_0.distance,
        a1_0.duration,
        a1_0.modified_at,
        a1_0.schedule_id,
        a1_0.tour_date,
        a1_0.turn,
        d2_0.id,
        a2_0.id,
        a2_0.item_id,
        a2_0.schedule_id,
        a2_0.tour_date,
        a2_0.turn,
        d2_0.created_at,
        d2_0.distance,
        d2_0.duration,
        d2_0.modified_at,
        d2_0.schedule_id,
        d2_0.tour_date,
        d2_0.turn,
        s1_0.item_id,
        s1_0.schedule_id,
        s1_0.tour_date,
        s1_0.turn 
    from
        schedule_item s1_0 
    left join
        item_path a1_0 
            on s1_0.id=a1_0.arrival_schedule_item_id 
    left join
        schedule_item d1_0 
            on d1_0.id=a1_0.departure_schedule_item_id 
    left join
        item_path d2_0 
            on s1_0.id=d2_0.departure_schedule_item_id 
    left join
        schedule_item a2_0 
            on a2_0.id=d2_0.arrival_schedule_item_id 
    where
        s1_0.id=?
Hibernate: 
    insert 
    into
        schedule_item
        (item_id,schedule_id,tour_date,turn) 
    values
        (?,?,?,?)
Hibernate: 
    select
        s1_0.id,
        a1_0.id,
        a1_0.created_at,
        d1_0.id,
        d1_0.item_id,
        d1_0.schedule_id,
        d1_0.tour_date,
        d1_0.turn,
        a1_0.distance,
        a1_0.duration,
        a1_0.modified_at,
        a1_0.schedule_id,
        a1_0.tour_date,
        a1_0.turn,
        d2_0.id,
        a2_0.id,
        a2_0.item_id,
        a2_0.schedule_id,
        a2_0.tour_date,
        a2_0.turn,
        d2_0.created_at,
        d2_0.distance,
        d2_0.duration,
        d2_0.modified_at,
        d2_0.schedule_id,
        d2_0.tour_date,
        d2_0.turn,
        s1_0.item_id,
        s1_0.schedule_id,
        s1_0.tour_date,
        s1_0.turn 
    from
        schedule_item s1_0 
    left join
        item_path a1_0 
            on s1_0.id=a1_0.arrival_schedule_item_id 
    left join
        schedule_item d1_0 
            on d1_0.id=a1_0.departure_schedule_item_id 
    left join
        item_path d2_0 
            on s1_0.id=d2_0.departure_schedule_item_id 
    left join
        schedule_item a2_0 
            on a2_0.id=d2_0.arrival_schedule_item_id 
    where
        s1_0.id=?
Hibernate: 
    insert 
    into
        schedule_item
        (item_id,schedule_id,tour_date,turn) 
    values
        (?,?,?,?)
Hibernate: 
    select
        s1_0.id,
        a1_0.id,
        a1_0.created_at,
        d1_0.id,
        d1_0.item_id,
        d1_0.schedule_id,
        d1_0.tour_date,
        d1_0.turn,
        a1_0.distance,
        a1_0.duration,
        a1_0.modified_at,
        a1_0.schedule_id,
        a1_0.tour_date,
        a1_0.turn,
        d2_0.id,
        a2_0.id,
        a2_0.item_id,
        a2_0.schedule_id,
        a2_0.tour_date,
        a2_0.turn,
        d2_0.created_at,
        d2_0.distance,
        d2_0.duration,
        d2_0.modified_at,
        d2_0.schedule_id,
        d2_0.tour_date,
        d2_0.turn,
        s1_0.item_id,
        s1_0.schedule_id,
        s1_0.tour_date,
        s1_0.turn 
    from
        schedule_item s1_0 
    left join
        item_path a1_0 
            on s1_0.id=a1_0.arrival_schedule_item_id 
    left join
        schedule_item d1_0 
            on d1_0.id=a1_0.departure_schedule_item_id 
    left join
        item_path d2_0 
            on s1_0.id=d2_0.departure_schedule_item_id 
    left join
        schedule_item a2_0 
            on a2_0.id=d2_0.arrival_schedule_item_id 
    where
        s1_0.id=?
Hibernate: 
    insert 
    into
        schedule_item
        (item_id,schedule_id,tour_date,turn) 
    values
        (?,?,?,?)
Hibernate: 
    select
        s1_0.id,
        a1_0.id,
        a1_0.created_at,
        d1_0.id,
        d1_0.item_id,
        d1_0.schedule_id,
        d1_0.tour_date,
        d1_0.turn,
        a1_0.distance,
        a1_0.duration,
        a1_0.modified_at,
        a1_0.schedule_id,
        a1_0.tour_date,
        a1_0.turn,
        d2_0.id,
        a2_0.id,
        a2_0.item_id,
        a2_0.schedule_id,
        a2_0.tour_date,
        a2_0.turn,
        d2_0.created_at,
        d2_0.distance,
        d2_0.duration,
        d2_0.modified_at,
        d2_0.schedule_id,
        d2_0.tour_date,
        d2_0.turn,
        s1_0.item_id,
        s1_0.schedule_id,
        s1_0.tour_date,
        s1_0.turn 
    from
        schedule_item s1_0 
    left join
        item_path a1_0 
            on s1_0.id=a1_0.arrival_schedule_item_id 
    left join
        schedule_item d1_0 
            on d1_0.id=a1_0.departure_schedule_item_id 
    left join
        item_path d2_0 
            on s1_0.id=d2_0.departure_schedule_item_id 
    left join
        schedule_item a2_0 
            on a2_0.id=d2_0.arrival_schedule_item_id 
    where
        s1_0.id=?
Hibernate: 
    insert 
    into
        schedule_item
        (item_id,schedule_id,tour_date,turn) 
    values
        (?,?,?,?)
Hibernate: 
    select
        s1_0.id,
        a1_0.id,
        a1_0.created_at,
        d1_0.id,
        d1_0.item_id,
        d1_0.schedule_id,
        d1_0.tour_date,
        d1_0.turn,
        a1_0.distance,
        a1_0.duration,
        a1_0.modified_at,
        a1_0.schedule_id,
        a1_0.tour_date,
        a1_0.turn,
        d2_0.id,
        a2_0.id,
        a2_0.item_id,
        a2_0.schedule_id,
        a2_0.tour_date,
        a2_0.turn,
        d2_0.created_at,
        d2_0.distance,
        d2_0.duration,
        d2_0.modified_at,
        d2_0.schedule_id,
        d2_0.tour_date,
        d2_0.turn,
        s1_0.item_id,
        s1_0.schedule_id,
        s1_0.tour_date,
        s1_0.turn 
    from
        schedule_item s1_0 
    left join
        item_path a1_0 
            on s1_0.id=a1_0.arrival_schedule_item_id 
    left join
        schedule_item d1_0 
            on d1_0.id=a1_0.departure_schedule_item_id 
    left join
        item_path d2_0 
            on s1_0.id=d2_0.departure_schedule_item_id 
    left join
        schedule_item a2_0 
            on a2_0.id=d2_0.arrival_schedule_item_id 
    where
        s1_0.id=?
Hibernate: 
    insert 
    into
        schedule_item
        (item_id,schedule_id,tour_date,turn) 
    values
        (?,?,?,?)
Hibernate: 
    select
        s1_0.id,
        s1_0.item_id,
        s1_0.schedule_id,
        s1_0.tour_date,
        s1_0.turn 
    from
        schedule_item s1_0 
    where
        s1_0.schedule_id=?
]]></system-out>
  <system-err><![CDATA[]]></system-err>
</testsuite>
